<?xml version="1.0" encoding="UTF-8"?>
<!-- Generated by org.testng.reporters.JUnitReportReporter -->
<testsuite skipped="0" hostname="simuns-Air.home" name="frame1.day4" tests="5" failures="0" timestamp="16 Apr 2018 16:01:16 GMT" time="0.012" errors="0">
  <testcase name="palicans" time="0.002" classname="frame1.day4"/>
  <testcase name="palicans" time="0.003" classname="frame1.day4"/>
  <testcase name="golden" time="0.001" classname="frame1.day4"/>
  <testcase name="palicans" time="0.004" classname="frame1.day4"/>
  <testcase name="portland" time="0.002" classname="frame1.day4"/>
</testsuite> <!-- frame1.day4 -->
