<?xml version="1.0" encoding="UTF-8"?>
<!-- Generated by org.testng.reporters.JUnitReportReporter -->
<testsuite skipped="0" hostname="simuns-Air.home" name="frame1.day2" tests="1" failures="0" timestamp="16 Apr 2018 16:01:16 GMT" time="0.005" errors="0">
  <testcase name="houseloan" time="0.005" classname="frame1.day2"/>
</testsuite> <!-- frame1.day2 -->
